2025-04-14T17:22:46.962+05:30  INFO 21276 --- [test2] [restartedMain] com.test2.test2.Test2Application         : Starting Test2Application using Java 23.0.2 with PID 21276 (C:\Users\PulagamSaiSivaRamakr\Downloads\test2\test2\build\classes\java\main started by PulagamSaiSivaRamakr in C:\Users\PulagamSaiSivaRamakr\Downloads\test2\test2)
2025-04-14T17:22:46.962+05:30  INFO 21276 --- [test2] [restartedMain] com.test2.test2.Test2Application         : No active profile set, falling back to 1 default profile: "default"
2025-04-14T17:22:47.064+05:30  INFO 21276 --- [test2] [restartedMain] .e.DevToolsPropertyDefaultsPostProcessor : Devtools property defaults active! Set 'spring.devtools.add-properties' to 'false' to disable
2025-04-14T17:22:47.079+05:30  INFO 21276 --- [test2] [restartedMain] .e.DevToolsPropertyDefaultsPostProcessor : For additional web related logging consider setting the 'logging.level.web' property to 'DEBUG'
2025-04-14T17:22:48.109+05:30  INFO 21276 --- [test2] [restartedMain] .s.d.r.c.RepositoryConfigurationDelegate : Bootstrapping Spring Data JPA repositories in DEFAULT mode.
2025-04-14T17:22:48.193+05:30  INFO 21276 --- [test2] [restartedMain] .s.d.r.c.RepositoryConfigurationDelegate : Finished Spring Data repository scanning in 77 ms. Found 1 JPA repository interface.
2025-04-14T17:22:49.251+05:30  INFO 21276 --- [test2] [restartedMain] o.s.b.w.embedded.tomcat.TomcatWebServer  : Tomcat initialized with port 8080 (http)
2025-04-14T17:22:49.263+05:30  INFO 21276 --- [test2] [restartedMain] o.apache.catalina.core.StandardService   : Starting service [Tomcat]
2025-04-14T17:22:49.263+05:30  INFO 21276 --- [test2] [restartedMain] o.apache.catalina.core.StandardEngine    : Starting Servlet engine: [Apache Tomcat/10.1.39]
2025-04-14T17:22:49.312+05:30  INFO 21276 --- [test2] [restartedMain] o.a.c.c.C.[Tomcat].[localhost].[/]       : Initializing Spring embedded WebApplicationContext
2025-04-14T17:22:49.312+05:30  INFO 21276 --- [test2] [restartedMain] w.s.c.ServletWebServerApplicationContext : Root WebApplicationContext: initialization completed in 2233 ms
2025-04-14T17:22:49.567+05:30  INFO 21276 --- [test2] [restartedMain] o.hibernate.jpa.internal.util.LogHelper  : HHH000204: Processing PersistenceUnitInfo [name: default]
2025-04-14T17:22:49.662+05:30  INFO 21276 --- [test2] [restartedMain] org.hibernate.Version                    : HHH000412: Hibernate ORM core version 6.6.11.Final
2025-04-14T17:22:49.723+05:30  INFO 21276 --- [test2] [restartedMain] o.h.c.internal.RegionFactoryInitiator    : HHH000026: Second-level cache disabled
2025-04-14T17:22:50.185+05:30  INFO 21276 --- [test2] [restartedMain] o.s.o.j.p.SpringPersistenceUnitInfo      : No LoadTimeWeaver setup: ignoring JPA class transformer
2025-04-14T17:22:50.228+05:30  INFO 21276 --- [test2] [restartedMain] com.zaxxer.hikari.HikariDataSource       : HikariPool-1 - Starting...
2025-04-14T17:22:50.466+05:30  INFO 21276 --- [test2] [restartedMain] com.zaxxer.hikari.pool.HikariPool        : HikariPool-1 - Added connection org.postgresql.jdbc.PgConnection@16af36c
2025-04-14T17:22:50.466+05:30  INFO 21276 --- [test2] [restartedMain] com.zaxxer.hikari.HikariDataSource       : HikariPool-1 - Start completed.
2025-04-14T17:22:50.555+05:30  INFO 21276 --- [test2] [restartedMain] org.hibernate.orm.connections.pooling    : HHH10001005: Database info:
	Database JDBC URL [Connecting through datasource 'HikariDataSource (HikariPool-1)']
	Database driver: undefined/unknown
	Database version: 16.8
	Autocommit mode: undefined/unknown
	Isolation level: undefined/unknown
	Minimum pool size: undefined/unknown
	Maximum pool size: undefined/unknown
2025-04-14T17:22:51.608+05:30  INFO 21276 --- [test2] [restartedMain] o.h.e.t.j.p.i.JtaPlatformInitiator       : HHH000489: No JTA platform available (set 'hibernate.transaction.jta.platform' to enable JTA platform integration)
2025-04-14T17:22:51.661+05:30  INFO 21276 --- [test2] [restartedMain] j.LocalContainerEntityManagerFactoryBean : Initialized JPA EntityManagerFactory for persistence unit 'default'
2025-04-14T17:22:52.103+05:30  WARN 21276 --- [test2] [restartedMain] JpaBaseConfiguration$JpaWebConfiguration : spring.jpa.open-in-view is enabled by default. Therefore, database queries may be performed during view rendering. Explicitly configure spring.jpa.open-in-view to disable this warning
2025-04-14T17:22:52.560+05:30  WARN 21276 --- [test2] [restartedMain] .s.s.UserDetailsServiceAutoConfiguration : 

Using generated security password: d42ba315-0559-4ce9-b9c6-02646b4a1e39

This generated password is for development use only. Your security configuration must be updated before running your application in production.

2025-04-14T17:22:52.576+05:30  INFO 21276 --- [test2] [restartedMain] r$InitializeUserDetailsManagerConfigurer : Global AuthenticationManager configured with UserDetailsService bean with name inMemoryUserDetailsManager
2025-04-14T17:22:52.791+05:30  INFO 21276 --- [test2] [restartedMain] o.s.b.d.a.OptionalLiveReloadServer       : LiveReload server is running on port 35729
2025-04-14T17:22:52.833+05:30  INFO 21276 --- [test2] [restartedMain] o.s.b.w.embedded.tomcat.TomcatWebServer  : Tomcat started on port 8080 (http) with context path '/'
2025-04-14T17:22:52.845+05:30  INFO 21276 --- [test2] [restartedMain] com.test2.test2.Test2Application         : Started Test2Application in 6.597 seconds (process running for 7.243)
